2020-04-15 18:35:42,611 INFO [main] h.j.v.g.Glavna [Glavna.java:46] Pokretanje programa
2020-04-15 18:44:41,710 INFO [main] h.j.v.g.Glavna [Glavna.java:46] Pokretanje programa
2020-04-15 18:45:10,284 INFO [main] h.j.v.g.Glavna [Glavna.java:46] Pokretanje programa
2020-04-15 18:51:27,198 INFO [main] h.j.v.g.Glavna [Glavna.java:46] Pokretanje programa
2020-04-15 18:53:16,135 INFO [main] h.j.v.g.Glavna [Glavna.java:46] Pokretanje programa
2020-04-15 18:58:35,051 INFO [main] h.j.v.g.Glavna [Glavna.java:46] Pokretanje programa
2020-04-15 19:10:21,722 INFO [main] h.j.v.g.Glavna [Glavna.java:46] Pokretanje programa
2020-04-15 19:12:04,269 INFO [main] h.j.v.g.Glavna [Glavna.java:46] Pokretanje programa
2020-04-15 20:42:16,674 INFO [main] h.j.v.g.Glavna [Glavna.java:45] Pokretanje programa
2020-04-15 20:51:15,771 INFO [main] h.j.v.g.Glavna [Glavna.java:46] Pokretanje programa
2020-04-15 20:53:50,937 INFO [main] h.j.v.g.Glavna [Glavna.java:46] Pokretanje programa
2020-04-15 20:55:22,338 INFO [main] h.j.v.g.Glavna [Glavna.java:46] Pokretanje programa
2020-04-15 21:00:05,460 INFO [main] h.j.v.g.Glavna [Glavna.java:46] Pokretanje programa
2020-04-15 21:02:52,909 INFO [main] h.j.v.g.Glavna [Glavna.java:46] Pokretanje programa
2020-04-15 21:14:34,323 INFO [main] h.j.v.g.Glavna [Glavna.java:46] Pokretanje programa
2020-04-15 21:23:20,655 INFO [main] h.j.v.g.Glavna [Glavna.java:46] Pokretanje programa
2020-04-15 21:24:56,147 INFO [main] h.j.v.g.Glavna [Glavna.java:46] Pokretanje programa
2020-04-15 21:26:38,465 INFO [main] h.j.v.g.Glavna [Glavna.java:46] Pokretanje programa
2020-04-15 21:43:40,691 INFO [main] h.j.v.g.Glavna [Glavna.java:46] Pokretanje programa
2020-04-15 21:44:10,602 ERROR [main] h.j.v.g.Glavna [Glavna.java:110] Cijena nekretnine ne smije biti manja od 10000kn
hr.java.vjezbe.iznimke.CijenaJePreniskaException: Cijena nekretnine ne smije biti manja od 10000kn
	at hr.java.vjezbe.entitet.Nekretnina.izracunajPorez(Nekretnina.java:13)
	at hr.java.vjezbe.entitet.Stan.tekstOglasa(Stan.java:24)
	at hr.java.vjezbe.glavna.Glavna.main(Glavna.java:108)
2020-04-15 21:53:21,155 INFO [main] h.j.v.g.Glavna [Glavna.java:46] Pokretanje programa
2020-04-15 21:53:37,075 INFO [main] h.j.v.g.Glavna [Glavna.java:46] Pokretanje programa
2020-04-15 21:54:15,408 ERROR [main] h.j.v.g.Glavna [Glavna.java:110] Pogreška prilikom
hr.java.vjezbe.iznimke.CijenaJePreniskaException: Cijena nekretnine ne smije biti manja od 10000kn
	at hr.java.vjezbe.entitet.Nekretnina.izracunajPorez(Nekretnina.java:13)
	at hr.java.vjezbe.entitet.Stan.tekstOglasa(Stan.java:24)
	at hr.java.vjezbe.glavna.Glavna.main(Glavna.java:108)
2020-04-15 22:07:52,851 INFO [main] h.j.v.g.Glavna [Glavna.java:46] Pokretanje programa
2020-04-15 22:08:34,887 ERROR [main] h.j.v.g.Glavna [Glavna.java:110] Non-terminating decimal expansion; no exact representable decimal result.
java.lang.ArithmeticException: Non-terminating decimal expansion; no exact representable decimal result.
	at java.base/java.math.BigDecimal.divide(BigDecimal.java:1722)
	at hr.java.vjezbe.entitet.Nekretnina.izracunajPorez(Nekretnina.java:15)
	at hr.java.vjezbe.entitet.Stan.tekstOglasa(Stan.java:24)
	at hr.java.vjezbe.glavna.Glavna.main(Glavna.java:108)
2020-04-15 22:09:29,488 INFO [main] h.j.v.g.Glavna [Glavna.java:46] Pokretanje programa
2020-04-15 22:14:16,693 INFO [main] h.j.v.g.Glavna [Glavna.java:46] Pokretanje programa
2020-04-15 22:14:22,571 INFO [main] h.j.v.g.Glavna [Glavna.java:46] Pokretanje programa
2020-04-15 22:15:40,255 INFO [main] h.j.v.g.Glavna [Glavna.java:46] Pokretanje programa
2020-04-15 22:15:48,558 INFO [main] h.j.v.g.Glavna [Glavna.java:46] Pokretanje programa
2020-04-15 22:16:53,628 INFO [main] h.j.v.g.Glavna [Glavna.java:46] Pokretanje programa
2020-04-15 22:24:37,308 INFO [main] h.j.v.g.Glavna [Glavna.java:46] Pokretanje programa
2020-04-15 22:31:33,362 INFO [main] h.j.v.g.Glavna [Glavna.java:46] Pokretanje programa
2020-04-15 22:34:04,988 INFO [main] h.j.v.g.Glavna [Glavna.java:46] Pokretanje programa
2020-04-15 22:37:08,688 INFO [main] h.j.v.g.Glavna [Glavna.java:46] Pokretanje programa
2020-04-15 22:47:12,484 INFO [main] h.j.v.g.Glavna [Glavna.java:46] Pokretanje programa
2020-04-16 12:04:57,045 INFO [main] h.j.v.g.Glavna [Glavna.java:46] Pokretanje programa
2020-04-16 12:07:08,773 INFO [main] h.j.v.g.Glavna [Glavna.java:46] Pokretanje programa
2020-04-16 12:09:22,231 INFO [main] h.j.v.g.Glavna [Glavna.java:46] Pokretanje programa
2020-04-16 12:12:00,195 INFO [main] h.j.v.g.Glavna [Glavna.java:46] Pokretanje programa
2020-04-16 12:13:42,967 INFO [main] h.j.v.g.Glavna [Glavna.java:46] Pokretanje programa
2020-04-16 12:29:28,838 INFO [main] h.j.v.g.Glavna [Glavna.java:46] Pokretanje programa
2020-04-16 12:30:34,492 ERROR [main] h.j.v.e.Stan [Stan.java:33] Cijena nekretnine ne smije biti manja od 10000 kn
hr.java.vjezbe.iznimke.CijenaJePreniskaException: Cijena nekretnine ne smije biti manja od 10000 kn
	at hr.java.vjezbe.entitet.Nekretnina.izracunajPorez(Nekretnina.java:14)
	at hr.java.vjezbe.entitet.Stan.tekstOglasa(Stan.java:30)
	at hr.java.vjezbe.glavna.Glavna.main(Glavna.java:107)
2020-04-16 12:35:36,485 INFO [main] h.j.v.g.Glavna [Glavna.java:46] Pokretanje programa
2020-04-16 12:36:05,424 ERROR [main] h.j.v.e.Stan [Stan.java:35] Pogreška prilikom odreðivanja iznosa poreza!
2020-04-16 12:42:49,823 INFO [main] h.j.v.g.Glavna [Glavna.java:46] Pokretanje programa
2020-04-16 12:43:16,352 ERROR [main] h.j.v.e.Stan [Stan.java:35] Pogreška prilikom odreðivanja iznosa poreza!
hr.java.vjezbe.iznimke.CijenaJePreniskaException: Pogreška prilikom odreðivanja iznosa poreza!
	at hr.java.vjezbe.entitet.Nekretnina.izracunajPorez(Nekretnina.java:14)
	at hr.java.vjezbe.entitet.Stan.tekstOglasa(Stan.java:32)
	at hr.java.vjezbe.glavna.Glavna.main(Glavna.java:107)
2020-04-16 12:46:30,063 INFO [main] h.j.v.g.Glavna [Glavna.java:46] Pokretanje programa
2020-04-16 12:47:01,250 ERROR [main] h.j.v.e.Stan [Stan.java:35] Pogreška prilikom odreðivanja iznosa poreza!
hr.java.vjezbe.iznimke.CijenaJePreniskaException: Pogreška prilikom odreðivanja iznosa poreza!
	at hr.java.vjezbe.entitet.Nekretnina.izracunajPorez(Nekretnina.java:14)
	at hr.java.vjezbe.entitet.Stan.tekstOglasa(Stan.java:32)
	at hr.java.vjezbe.glavna.Glavna.main(Glavna.java:107)
2020-04-16 12:53:20,620 INFO [main] h.j.v.g.Glavna [Glavna.java:46] Pokretanje programa
2020-04-16 13:03:04,757 INFO [main] h.j.v.g.Glavna [Glavna.java:46] Pokretanje programa
2020-04-16 13:03:28,662 ERROR [main] h.j.v.e.Stan [Stan.java:35] Cijena ne smije biti manja od 10000kn
hr.java.vjezbe.iznimke.CijenaJePreniskaException: Cijena ne smije biti manja od 10000kn
	at hr.java.vjezbe.entitet.Nekretnina.izracunajPorez(Nekretnina.java:14)
	at hr.java.vjezbe.entitet.Stan.tekstOglasa(Stan.java:32)
	at hr.java.vjezbe.glavna.Glavna.main(Glavna.java:107)
2020-04-16 13:07:07,819 INFO [main] h.j.v.g.Glavna [Glavna.java:46] Pokretanje programa
2020-04-16 13:07:31,712 ERROR [main] h.j.v.e.Stan [Stan.java:35] Cijena ne smije biti manja od 10000kn
2020-04-16 13:08:40,701 INFO [main] h.j.v.g.Glavna [Glavna.java:46] Pokretanje programa
2020-04-16 13:09:04,014 ERROR [main] h.j.v.e.Stan [Stan.java:35] Pogreška prilikom odreðivanja iznosa poreza!
2020-04-16 13:12:05,405 INFO [main] h.j.v.g.Glavna [Glavna.java:46] Pokretanje programa
2020-04-16 13:12:43,257 ERROR [main] h.j.v.e.Stan [Stan.java:35] Cijena ne smije biti manja od 10000kn
2020-04-16 13:15:15,310 INFO [main] h.j.v.g.Glavna [Glavna.java:46] Pokretanje programa
2020-04-16 13:15:41,184 ERROR [main] h.j.v.e.Stan [Stan.java:35] Pogreška prilikom odreðivanja iznosa poreza!
hr.java.vjezbe.iznimke.CijenaJePreniskaException: Pogreška prilikom odreðivanja iznosa poreza!
	at hr.java.vjezbe.entitet.Nekretnina.izracunajPorez(Nekretnina.java:14)
	at hr.java.vjezbe.entitet.Stan.tekstOglasa(Stan.java:32)
	at hr.java.vjezbe.glavna.Glavna.main(Glavna.java:107)
2020-04-16 13:35:05,110 INFO [main] h.j.v.g.Glavna [Glavna.java:46] Pokretanje programa
2020-04-16 13:35:22,436 INFO [main] h.j.v.g.Glavna [Glavna.java:46] Pokretanje programa
2020-04-16 13:36:10,599 ERROR [main] h.j.v.e.Automobil [Automobil.java:88] Pogreška prilikom odreðivanja cijene osiguranja!
hr.java.vjezbe.iznimke.NemoguceOdreditiGrupuOsiguranjaException: Pogreška prilikom odreðivanja cijene osiguranja!
	at hr.java.vjezbe.entitet.Automobil.izracunajGrupuOsiguranja(Automobil.java:71)
	at hr.java.vjezbe.entitet.Vozilo.izracunajCijenuOsiguranja(Vozilo.java:45)
	at hr.java.vjezbe.entitet.Automobil.tekstOglasa(Automobil.java:85)
	at hr.java.vjezbe.glavna.Glavna.main(Glavna.java:107)
2020-04-16 13:53:11,866 INFO [main] h.j.v.g.Glavna [Glavna.java:47] Pokretanje programa
2020-04-16 13:55:21,936 INFO [main] h.j.v.g.Glavna [Glavna.java:47] Pokretanje programa
2020-04-16 14:01:05,819 INFO [main] h.j.v.g.Glavna [Glavna.java:47] Pokretanje programa
2020-04-16 14:02:28,522 INFO [main] h.j.v.g.Glavna [Glavna.java:47] Pokretanje programa
2020-04-16 14:05:27,338 INFO [main] h.j.v.g.Glavna [Glavna.java:47] Pokretanje programa
2020-04-16 14:05:36,543 INFO [main] h.j.v.g.Glavna [Glavna.java:47] Pokretanje programa
2020-04-16 14:06:31,186 INFO [main] h.j.v.g.Glavna [Glavna.java:47] Pokretanje programa
2020-04-16 14:06:36,911 INFO [main] h.j.v.g.Glavna [Glavna.java:47] Pokretanje programa
2020-04-16 14:08:30,940 INFO [main] h.j.v.g.Glavna [Glavna.java:47] Pokretanje programa
2020-04-16 14:11:56,839 INFO [main] h.j.v.g.Glavna [Glavna.java:47] Pokretanje programa
2020-04-16 14:12:29,364 INFO [main] h.j.v.g.Glavna [Glavna.java:47] Pokretanje programa
2020-04-16 14:12:43,271 INFO [main] h.j.v.g.Glavna [Glavna.java:47] Pokretanje programa
2020-04-16 14:14:14,254 INFO [main] h.j.v.g.Glavna [Glavna.java:47] Pokretanje programa
2020-04-16 14:16:02,971 INFO [main] h.j.v.g.Glavna [Glavna.java:47] Pokretanje programa
2020-04-16 14:18:17,513 INFO [main] h.j.v.g.Glavna [Glavna.java:47] Pokretanje programa
2020-04-16 14:18:53,740 INFO [main] h.j.v.g.Glavna [Glavna.java:47] Pokretanje programa
2020-04-16 14:28:24,899 INFO [main] h.j.v.g.Glavna [Glavna.java:47] Pokretanje programa
2020-04-16 14:28:46,184 INFO [main] h.j.v.g.Glavna [Glavna.java:47] Pokretanje programa
2020-04-16 14:29:23,281 INFO [main] h.j.v.g.Glavna [Glavna.java:47] Pokretanje programa
2020-04-16 14:48:39,019 INFO [main] h.j.v.g.Glavna [Glavna.java:47] Pokretanje programa
2020-04-16 14:49:55,428 INFO [main] h.j.v.g.Glavna [Glavna.java:47] Pokretanje programa
2020-04-16 14:52:06,436 INFO [main] h.j.v.g.Glavna [Glavna.java:47] Pokretanje programa
2020-04-16 14:52:54,769 INFO [main] h.j.v.g.Glavna [Glavna.java:47] Pokretanje programa
2020-04-16 14:55:15,528 INFO [main] h.j.v.g.Glavna [Glavna.java:47] Pokretanje programa
2020-04-16 18:00:22,669 INFO [main] h.j.v.g.Glavna [Glavna.java:47] Pokretanje programa
2020-04-16 18:03:17,884 INFO [main] h.j.v.g.Glavna [Glavna.java:47] Pokretanje programa
2020-04-16 18:03:58,519 INFO [main] h.j.v.g.Glavna [Glavna.java:47] Pokretanje programa
2020-04-16 18:07:53,266 INFO [main] h.j.v.g.Glavna [Glavna.java:47] Pokretanje programa
2020-04-16 18:08:14,255 INFO [main] h.j.v.g.Glavna [Glavna.java:47] Pokretanje programa
2020-04-16 18:14:12,006 INFO [main] h.j.v.g.Glavna [Glavna.java:47] Pokretanje programa
2020-04-16 18:17:50,705 INFO [main] h.j.v.g.Glavna [Glavna.java:47] Pokretanje programa
2020-04-16 18:24:03,216 INFO [main] h.j.v.g.Glavna [Glavna.java:47] Pokretanje programa
2020-04-16 18:27:43,858 INFO [main] h.j.v.g.Glavna [Glavna.java:47] Pokretanje programa
2020-04-16 18:28:51,097 INFO [main] h.j.v.g.Glavna [Glavna.java:47] Pokretanje programa
2020-04-16 18:30:59,810 INFO [main] h.j.v.g.Glavna [Glavna.java:47] Pokretanje programa
2020-04-16 18:31:08,404 INFO [main] h.j.v.g.Glavna [Glavna.java:47] Pokretanje programa
2020-04-16 18:32:09,271 INFO [main] h.j.v.g.Glavna [Glavna.java:47] Pokretanje programa
2020-04-16 18:33:15,259 INFO [main] h.j.v.g.Glavna [Glavna.java:47] Pokretanje programa
2020-04-16 18:33:55,199 INFO [main] h.j.v.g.Glavna [Glavna.java:47] Pokretanje programa
2020-04-16 18:35:29,228 INFO [main] h.j.v.g.Glavna [Glavna.java:47] Pokretanje programa
2020-04-16 18:36:36,916 INFO [main] h.j.v.g.Glavna [Glavna.java:47] Pokretanje programa
2020-04-16 18:38:56,755 INFO [main] h.j.v.g.Glavna [Glavna.java:47] Pokretanje programa
2020-04-16 18:41:26,094 INFO [main] h.j.v.g.Glavna [Glavna.java:47] Pokretanje programa
2020-04-16 18:42:06,681 ERROR [main] h.j.v.e.Stan [Stan.java:35] Pogreška prilikom odreðivanja iznosa poreza!
hr.java.vjezbe.iznimke.CijenaJePreniskaException: Pogreška prilikom odreðivanja iznosa poreza!
	at hr.java.vjezbe.entitet.Nekretnina.izracunajPorez(Nekretnina.java:14)
	at hr.java.vjezbe.entitet.Stan.tekstOglasa(Stan.java:32)
	at hr.java.vjezbe.glavna.Glavna.main(Glavna.java:107)
2020-04-16 18:47:01,141 INFO [main] h.j.v.g.Glavna [Glavna.java:47] Pokretanje programa
2020-04-16 18:47:23,069 INFO [main] h.j.v.g.Glavna [Glavna.java:356] Pogreška prilikom unosa int tipa podatka
2020-04-16 18:47:32,605 INFO [main] h.j.v.g.Glavna [Glavna.java:356] Pogreška prilikom unosa int tipa podatka
2020-04-16 18:47:34,525 INFO [main] h.j.v.g.Glavna [Glavna.java:356] Pogreška prilikom unosa int tipa podatka
2020-04-16 18:48:21,261 INFO [main] h.j.v.g.Glavna [Glavna.java:356] Pogreška prilikom unosa int tipa podatka
2020-04-16 18:48:24,300 INFO [main] h.j.v.g.Glavna [Glavna.java:356] Pogreška prilikom unosa int tipa podatka
2020-04-16 18:48:28,828 INFO [main] h.j.v.g.Glavna [Glavna.java:383] Pogreška prilikom unosa BigDecimal tipa podatka
2020-04-16 18:48:39,916 INFO [main] h.j.v.g.Glavna [Glavna.java:356] Pogreška prilikom unosa int tipa podatka
2020-04-16 18:48:46,155 INFO [main] h.j.v.g.Glavna [Glavna.java:356] Pogreška prilikom unosa int tipa podatka
2020-04-16 18:48:51,852 INFO [main] h.j.v.g.Glavna [Glavna.java:356] Pogreška prilikom unosa int tipa podatka
2020-04-16 18:48:54,113 ERROR [main] h.j.v.e.Stan [Stan.java:35] Pogreška prilikom odreðivanja iznosa poreza!
hr.java.vjezbe.iznimke.CijenaJePreniskaException: Pogreška prilikom odreðivanja iznosa poreza!
	at hr.java.vjezbe.entitet.Nekretnina.izracunajPorez(Nekretnina.java:14)
	at hr.java.vjezbe.entitet.Stan.tekstOglasa(Stan.java:32)
	at hr.java.vjezbe.glavna.Glavna.main(Glavna.java:107)
2020-04-17 13:36:24,790 INFO [main] h.j.v.g.Glavna [Glavna.java:52] Pokretanje programa
2020-04-17 13:45:04,389 INFO [main] h.j.v.g.Glavna [Glavna.java:52] Pokretanje programa
2020-04-17 13:45:18,515 INFO [main] h.j.v.g.Glavna [Glavna.java:52] Pokretanje programa
2020-04-17 13:50:25,127 INFO [main] h.j.v.g.Glavna [Glavna.java:52] Pokretanje programa
2020-04-17 13:54:16,836 INFO [main] h.j.v.g.Glavna [Glavna.java:52] Pokretanje programa
2020-04-17 13:54:27,504 INFO [main] h.j.v.g.Glavna [Glavna.java:389] Pogreška prilikom unosa int tipa podatka
2020-04-17 13:56:32,761 INFO [main] h.j.v.g.Glavna [Glavna.java:52] Pokretanje programa
2020-04-17 13:57:28,295 INFO [main] h.j.v.g.Glavna [Glavna.java:52] Pokretanje programa
2020-04-17 13:57:30,845 INFO [main] h.j.v.g.Glavna [Glavna.java:389] Pogreška prilikom unosa int tipa podatka
2020-04-17 13:57:31,213 INFO [main] h.j.v.g.Glavna [Glavna.java:389] Pogreška prilikom unosa int tipa podatka
2020-04-17 13:57:34,221 INFO [main] h.j.v.g.Glavna [Glavna.java:389] Pogreška prilikom unosa int tipa podatka
2020-04-17 13:58:37,267 INFO [main] h.j.v.g.Glavna [Glavna.java:52] Pokretanje programa
2020-04-17 13:58:40,747 INFO [main] h.j.v.g.Glavna [Glavna.java:389] Pogreška prilikom unosa int tipa podatka
2020-04-17 13:58:40,987 INFO [main] h.j.v.g.Glavna [Glavna.java:389] Pogreška prilikom unosa int tipa podatka
2020-04-17 13:59:48,242 INFO [main] h.j.v.g.Glavna [Glavna.java:52] Pokretanje programa
2020-04-17 14:00:39,026 INFO [main] h.j.v.g.Glavna [Glavna.java:52] Pokretanje programa
2020-04-17 14:05:25,294 INFO [main] h.j.v.g.Glavna [Glavna.java:52] Pokretanje programa
2020-04-17 19:34:13,271 INFO [main] h.j.v.g.Glavna [Glavna.java:52] Pokretanje programa
2020-04-17 19:37:04,099 INFO [main] h.j.v.g.Glavna [Glavna.java:52] Pokretanje programa
2020-04-17 19:37:24,431 INFO [main] h.j.v.g.Glavna [Glavna.java:388] Pogreška prilikom unosa int tipa podatka
2020-04-17 19:45:40,326 INFO [main] h.j.v.g.Glavna [Glavna.java:52] Pokretanje programa
2020-04-17 19:48:43,288 INFO [main] h.j.v.g.Glavna [Glavna.java:52] Pokretanje programa
2020-04-17 19:48:45,593 INFO [main] h.j.v.g.Glavna [Glavna.java:393] Pogreška prilikom unosa int tipa podatka
2020-04-17 19:59:23,335 INFO [main] h.j.v.g.Glavna [Glavna.java:52] Pokretanje programa
2020-04-17 20:08:23,768 INFO [main] h.j.v.g.Glavna [Glavna.java:52] Pokretanje programa
2020-04-17 20:08:28,669 INFO [main] h.j.v.g.Glavna [Glavna.java:411] Pogreška prilikom unosa int tipa podatka
2020-04-17 20:09:11,516 INFO [main] h.j.v.g.Glavna [Glavna.java:144] Poèetak odabira korisnika koji objavljuje oglas.
2020-04-17 20:09:14,924 INFO [main] h.j.v.g.Glavna [Glavna.java:153] Korisnik ispravno odabire korisnika.
2020-04-17 20:09:14,924 INFO [main] h.j.v.g.Glavna [Glavna.java:144] Poèetak odabira korisnika koji objavljuje oglas.
2020-04-17 20:11:54,714 INFO [main] h.j.v.g.Glavna [Glavna.java:52] Pokretanje programa
2020-04-17 20:12:26,570 INFO [main] h.j.v.g.Glavna [Glavna.java:144] Poèetak odabira korisnika koji objavljuje oglas.
2020-04-17 20:12:29,626 INFO [main] h.j.v.g.Glavna [Glavna.java:153] Korisnik ispravno odabire korisnika.
2020-04-17 20:12:29,626 INFO [main] h.j.v.g.Glavna [Glavna.java:144] Poèetak odabira korisnika koji objavljuje oglas.
2020-04-17 20:15:52,680 INFO [main] h.j.v.g.Glavna [Glavna.java:153] Korisnik ispravno odabire korisnika.
2020-04-17 20:28:00,329 INFO [main] h.j.v.g.Glavna [Glavna.java:52] Pokretanje programa
2020-04-17 21:07:53,022 INFO [main] h.j.v.g.Glavna [Glavna.java:52] Pokretanje programa
2020-04-17 21:16:30,955 INFO [main] h.j.v.g.Glavna [Glavna.java:52] Pokretanje programa
2020-04-17 21:18:21,472 INFO [main] h.j.v.g.Glavna [Glavna.java:52] Pokretanje programa
2020-04-17 21:20:04,642 INFO [main] h.j.v.g.Glavna [Glavna.java:52] Pokretanje programa
2020-04-17 21:24:16,083 INFO [main] h.j.v.g.Glavna [Glavna.java:52] Pokretanje programa
2020-04-17 21:26:24,356 INFO [main] h.j.v.g.Glavna [Glavna.java:52] Pokretanje programa
2020-04-17 21:50:45,298 INFO [main] h.j.v.g.Glavna [Glavna.java:54] Pokretanje programa
2020-04-17 21:52:32,319 INFO [main] h.j.v.g.Glavna [Glavna.java:54] Pokretanje programa
2020-04-17 22:00:50,014 INFO [main] h.j.v.g.Glavna [Glavna.java:54] Pokretanje programa
2020-04-17 22:03:58,156 INFO [main] h.j.v.g.Glavna [Glavna.java:54] Pokretanje programa
2020-04-17 22:07:41,644 INFO [main] h.j.v.g.Glavna [Glavna.java:54] Pokretanje programa
2020-04-17 22:08:34,125 INFO [main] h.j.v.g.Glavna [Glavna.java:54] Pokretanje programa
2020-04-17 22:11:55,958 INFO [main] h.j.v.g.Glavna [Glavna.java:54] Pokretanje programa
2020-04-18 11:45:37,923 INFO [main] h.j.v.g.Glavna [Glavna.java:58] Pokretanje programa
2020-04-18 12:04:34,524 INFO [main] h.j.v.g.Glavna [Glavna.java:58] Pokretanje programa
2020-04-18 12:05:16,995 INFO [main] h.j.v.g.Glavna [Glavna.java:58] Pokretanje programa
2020-04-18 12:17:10,670 INFO [main] h.j.v.g.Glavna [Glavna.java:58] Pokretanje programa
2020-04-18 12:23:15,854 INFO [main] h.j.v.g.Glavna [Glavna.java:58] Pokretanje programa
2020-04-18 12:29:23,690 INFO [main] h.j.v.g.Glavna [Glavna.java:58] Pokretanje programa
2020-04-18 12:31:53,268 INFO [main] h.j.v.g.Glavna [Glavna.java:58] Pokretanje programa
2020-04-18 12:36:40,862 INFO [main] h.j.v.g.Glavna [Glavna.java:58] Pokretanje programa
2020-04-18 12:41:57,264 INFO [main] h.j.v.g.Glavna [Glavna.java:58] Pokretanje programa
2020-04-18 12:48:01,699 INFO [main] h.j.v.g.Glavna [Glavna.java:58] Pokretanje programa
2020-04-18 12:58:35,380 INFO [main] h.j.v.g.Glavna [Glavna.java:58] Pokretanje programa
2020-04-18 13:00:05,585 INFO [main] h.j.v.g.Glavna [Glavna.java:58] Pokretanje programa
2020-04-19 11:34:40,725 INFO [main] h.j.v.g.Glavna [Glavna.java:56] Pokretanje programa
2020-04-19 11:51:53,119 INFO [main] h.j.v.g.Glavna [Glavna.java:54] Pokretanje programa
2020-04-25 08:18:13,344 INFO [main] h.j.v.g.Glavna [Glavna.java:54] Pokretanje programa
2020-04-25 09:06:00,263 INFO [main] h.j.v.g.Glavna [Glavna.java:53] Pokretanje programa
2020-04-25 09:16:38,362 INFO [main] h.j.v.g.Glavna [Glavna.java:54] Pokretanje programa
2020-04-25 09:17:16,199 INFO [main] h.j.v.g.Glavna [Glavna.java:54] Pokretanje programa
2020-04-25 09:26:50,475 INFO [main] h.j.v.g.Glavna [Glavna.java:54] Pokretanje programa
2020-04-25 09:28:21,442 ERROR [main] h.j.v.e.Automobil [Automobil.java:93] Pogreška prilikom odreðivanja cijene osiguranja!
hr.java.vjezbe.iznimke.NemoguceOdreditiGrupuOsiguranjaException: Pogreška prilikom odreðivanja cijene osiguranja!
	at hr.java.vjezbe.entitet.Automobil.izracunajGrupuOsiguranja(Automobil.java:75)
	at hr.java.vjezbe.entitet.Vozilo.izracunajCijenuOsiguranja(Vozilo.java:50)
	at hr.java.vjezbe.entitet.Automobil.tekstOglasa(Automobil.java:90)
	at hr.java.vjezbe.glavna.Glavna.main(Glavna.java:117)
2020-04-25 09:28:21,446 ERROR [main] h.j.v.e.Automobil [Automobil.java:93] Pogreška prilikom odreðivanja cijene osiguranja!
hr.java.vjezbe.iznimke.NemoguceOdreditiGrupuOsiguranjaException: Pogreška prilikom odreðivanja cijene osiguranja!
	at hr.java.vjezbe.entitet.Automobil.izracunajGrupuOsiguranja(Automobil.java:75)
	at hr.java.vjezbe.entitet.Vozilo.izracunajCijenuOsiguranja(Vozilo.java:50)
	at hr.java.vjezbe.entitet.Automobil.tekstOglasa(Automobil.java:90)
	at hr.java.vjezbe.glavna.Glavna.main(Glavna.java:141)
2020-04-25 09:28:21,452 ERROR [main] h.j.v.e.Automobil [Automobil.java:93] Pogreška prilikom odreðivanja cijene osiguranja!
hr.java.vjezbe.iznimke.NemoguceOdreditiGrupuOsiguranjaException: Pogreška prilikom odreðivanja cijene osiguranja!
	at hr.java.vjezbe.entitet.Automobil.izracunajGrupuOsiguranja(Automobil.java:75)
	at hr.java.vjezbe.entitet.Vozilo.izracunajCijenuOsiguranja(Vozilo.java:50)
	at hr.java.vjezbe.entitet.Automobil.tekstOglasa(Automobil.java:90)
	at hr.java.vjezbe.glavna.Glavna.lambda$2(Glavna.java:160)
	at java.base/java.util.stream.Streams$RangeIntSpliterator.forEachRemaining(Streams.java:104)
	at java.base/java.util.stream.IntPipeline$Head.forEach(IntPipeline.java:593)
	at hr.java.vjezbe.glavna.Glavna.lambda$1(Glavna.java:158)
	at java.base/java.util.HashMap$KeySet.forEach(HashMap.java:933)
	at hr.java.vjezbe.glavna.Glavna.main(Glavna.java:154)
2020-04-25 09:28:47,273 INFO [main] h.j.v.g.Glavna [Glavna.java:54] Pokretanje programa
